Using pre-set license
Built from '2021.3/staging' branch; Version is '2021.3.19f1 (c9714fde33b6) revision 13201743'; Using compiler version '192829333'; Build Type 'Release'
OS: 'Windows 10  (10.0.19045) 64bit Professional' Language: 'uk' Physical Memory: 16236 MB
BatchMode: 1, IsHumanControllingUs: 0, StartBugReporterOnCrash: 0, Is64bit: 1, IsPro: 1

COMMAND LINE ARGUMENTS:
D:\Unity\Editor\Unity.exe
-adb2
-batchMode
-noUpm
-name
AssetImportWorker4
-projectPath
D:/Unity/Count Master/Count_Masters_Oleh
-logFile
Logs/AssetImportWorker4.log
-srvPort
54933
Successfully changed project path to: D:/Unity/Count Master/Count_Masters_Oleh
D:/Unity/Count Master/Count_Masters_Oleh
[UnityMemory] Configuration Parameters - Can be set up in boot.config
    "memorysetup-bucket-allocator-granularity=16"
    "memorysetup-bucket-allocator-bucket-count=8"
    "memorysetup-bucket-allocator-block-size=33554432"
    "memorysetup-bucket-allocator-block-count=8"
    "memorysetup-main-allocator-block-size=16777216"
    "memorysetup-thread-allocator-block-size=16777216"
    "memorysetup-gfx-main-allocator-block-size=16777216"
    "memorysetup-gfx-thread-allocator-block-size=16777216"
    "memorysetup-cache-allocator-block-size=4194304"
    "memorysetup-typetree-allocator-block-size=2097152"
    "memorysetup-profiler-bucket-allocator-granularity=16"
    "memorysetup-profiler-bucket-allocator-bucket-count=8"
    "memorysetup-profiler-bucket-allocator-block-size=33554432"
    "memorysetup-profiler-bucket-allocator-block-count=8"
    "memorysetup-profiler-allocator-block-size=16777216"
    "memorysetup-profiler-editor-allocator-block-size=1048576"
    "memorysetup-temp-allocator-size-main=16777216"
    "memorysetup-job-temp-allocator-block-size=2097152"
    "memorysetup-job-temp-allocator-block-size-background=1048576"
    "memorysetup-job-temp-allocator-reduction-small-platforms=262144"
    "memorysetup-temp-allocator-size-background-worker=32768"
    "memorysetup-temp-allocator-size-job-worker=262144"
    "memorysetup-temp-allocator-size-preload-manager=33554432"
    "memorysetup-temp-allocator-size-nav-mesh-worker=65536"
    "memorysetup-temp-allocator-size-audio-worker=65536"
    "memorysetup-temp-allocator-size-cloud-worker=32768"
    "memorysetup-temp-allocator-size-gi-baking-worker=262144"
    "memorysetup-temp-allocator-size-gfx=262144"
Player connection [16656] Host "[IP] 192.168.0.110 [Port] 0 [Flags] 2 [Guid] 2804867230 [EditorId] 2804867230 [Version] 1048832 [Id] WindowsEditor(7,DESKTOP-RD58GF1) [Debug] 1 [PackageName] WindowsEditor [ProjectName] Editor" joined multi-casting on [225.0.0.222:54997]...

Player connection [16656] Host "[IP] 192.168.0.110 [Port] 0 [Flags] 2 [Guid] 2804867230 [EditorId] 2804867230 [Version] 1048832 [Id] WindowsEditor(7,DESKTOP-RD58GF1) [Debug] 1 [PackageName] WindowsEditor [ProjectName] Editor" joined alternative multi-casting on [225.0.0.222:34997]...

Refreshing native plugins compatible for Editor in 80.31 ms, found 3 plugins.
Preloading 0 native plugins for Editor in 0.00 ms.
Initialize engine version: 2021.3.19f1 (c9714fde33b6)
[Subsystems] Discovering subsystems at path D:/Unity/Editor/Data/Resources/UnitySubsystems
[Subsystems] Discovering subsystems at path D:/Unity/Count Master/Count_Masters_Oleh/Assets
GfxDevice: creating device client; threaded=0; jobified=0
Direct3D:
    Version:  Direct3D 11.0 [level 11.1]
    Renderer: NVIDIA GeForce GTX 1060 3GB (ID=0x1c02)
    Vendor:   NVIDIA
    VRAM:     2988 MB
    Driver:   27.21.14.5751
Initialize mono
Mono path[0] = 'D:/Unity/Editor/Data/Managed'
Mono path[1] = 'D:/Unity/Editor/Data/MonoBleedingEdge/lib/mono/unityjit-win32'
Mono config path = 'D:/Unity/Editor/Data/MonoBleedingEdge/etc'
Using monoOptions --debugger-agent=transport=dt_socket,embedding=1,server=y,suspend=n,address=127.0.0.1:56024
Begin MonoManager ReloadAssembly
Registering precompiled unity dll's ...
Register platform support module: D:/Unity/Editor/Data/PlaybackEngines/AndroidPlayer/UnityEditor.Android.Extensions.dll
Register platform support module: D:/Unity/Editor/Data/PlaybackEngines/WindowsStandaloneSupport/UnityEditor.WindowsStandalone.Extensions.dll
Registered in 0.002131 seconds.
Native extension for WindowsStandalone target not found
Native extension for Android target not found
Refreshing native plugins compatible for Editor in 77.83 ms, found 3 plugins.
Preloading 0 native plugins for Editor in 0.00 ms.
Mono: successfully reloaded assembly
- Completed reload, in  0.620 seconds
Domain Reload Profiling:
	ReloadAssembly (620ms)
		BeginReloadAssembly (65ms)
			ExecutionOrderSort (0ms)
			DisableScriptedObjects (0ms)
			BackupInstance (0ms)
			ReleaseScriptingObjects (0ms)
			CreateAndSetChildDomain (1ms)
		EndReloadAssembly (458ms)
			LoadAssemblies (64ms)
			RebuildTransferFunctionScriptingTraits (0ms)
			SetupTypeCache (105ms)
			ReleaseScriptCaches (0ms)
			RebuildScriptCaches (29ms)
			SetupLoadedEditorAssemblies (278ms)
				LogAssemblyErrors (0ms)
				InitializePlatformSupportModulesInManaged (66ms)
				SetLoadedEditorAssemblies (0ms)
				RefreshPlugins (78ms)
				BeforeProcessingInitializeOnLoad (1ms)
				ProcessInitializeOnLoadAttributes (89ms)
				ProcessInitializeOnLoadMethodAttributes (42ms)
				AfterProcessingInitializeOnLoad (0ms)
				EditorAssembliesLoaded (0ms)
			ExecutionOrderSort2 (0ms)
			AwakeInstancesAfterBackupRestoration (0ms)
Platform modules already initialized, skipping
Registering precompiled user dll's ...
Registered in 0.002910 seconds.
Begin MonoManager ReloadAssembly
Symbol file LoadedFromMemory doesn't match image D:\Unity\Count Master\Count_Masters_Oleh\Library\PackageCache\com.unity.visualscripting@1.8.0\Editor\VisualScripting.Core\Dependencies\YamlDotNet\Unity.VisualScripting.YamlDotNet.dll
Symbol file LoadedFromMemory doesn't match image D:\Unity\Count Master\Count_Masters_Oleh\Library\PackageCache\com.unity.visualscripting@1.8.0\Editor\VisualScripting.Core\Dependencies\DotNetZip\Unity.VisualScripting.IonicZip.dll
Native extension for WindowsStandalone target not found
Native extension for Android target not found
Refreshing native plugins compatible for Editor in 0.58 ms, found 3 plugins.
Preloading 0 native plugins for Editor in 0.00 ms.
Mono: successfully reloaded assembly
Package Manager log level set to [2]
- Completed reload, in  1.329 seconds
Domain Reload Profiling:
	ReloadAssembly (1330ms)
		BeginReloadAssembly (97ms)
			ExecutionOrderSort (0ms)
			DisableScriptedObjects (6ms)
			BackupInstance (0ms)
			ReleaseScriptingObjects (0ms)
			CreateAndSetChildDomain (19ms)
		EndReloadAssembly (1124ms)
			LoadAssemblies (64ms)
			RebuildTransferFunctionScriptingTraits (0ms)
			SetupTypeCache (477ms)
			ReleaseScriptCaches (1ms)
			RebuildScriptCaches (49ms)
			SetupLoadedEditorAssemblies (472ms)
				LogAssemblyErrors (0ms)
				InitializePlatformSupportModulesInManaged (15ms)
				SetLoadedEditorAssemblies (0ms)
				RefreshPlugins (1ms)
				BeforeProcessingInitializeOnLoad (74ms)
				ProcessInitializeOnLoadAttributes (360ms)
				ProcessInitializeOnLoadMethodAttributes (19ms)
				AfterProcessingInitializeOnLoad (2ms)
				EditorAssembliesLoaded (0ms)
			ExecutionOrderSort2 (0ms)
			AwakeInstancesAfterBackupRestoration (5ms)
Platform modules already initialized, skipping
========================================================================
Worker process is ready to serve import requests
Launched and connected shader compiler UnityShaderCompiler.exe after 0.15 seconds
Refreshing native plugins compatible for Editor in 0.72 ms, found 3 plugins.
Preloading 0 native plugins for Editor in 0.00 ms.
Unloading 3161 Unused Serialized files (Serialized files now loaded: 0)
Unloading 37 unused Assets / (87.6 KB). Loaded Objects now: 3610.
Memory consumption went from 110.1 MB to 110.0 MB.
Total: 3.605400 ms (FindLiveObjects: 0.284600 ms CreateObjectMapping: 0.192800 ms MarkObjects: 2.947900 ms  DeleteObjects: 0.179100 ms)

AssetImportParameters requested are different than current active one (requested -> active):
  custom:video-decoder-ogg-theora: a1e56fd34408186e4bbccfd4996cb3dc -> 
  custom:container-muxer-webm: aa71ff27fc2769a1b78a27578f13a17b -> 
  custom:container-demuxer-webm: 4f35f7cbe854078d1ac9338744f61a02 -> 
  custom:video-encoder-webm-vp8: eb34c28f22e8b96e1ab97ce403110664 -> 
  custom:audio-encoder-webm-vorbis: bf7c407c2cedff20999df2af8eb42d56 -> 
  custom:framework-win-MediaFoundation: 216162199b28c13a410421893ffa2e32 -> 
  custom:container-demuxer-ogg: 62fdf1f143b41e24485cea50d1cbac27 -> 
  custom:video-decoder-webm-vp8: 9c59270c3fd7afecdb556c50c9e8de78 -> 
  custom:audio-decoder-ogg-vorbis: bf7c407c2cedff20999df2af8eb42d56 -> 
========================================================================
Received Prepare
Refreshing native plugins compatible for Editor in 95.14 ms, found 3 plugins.
Preloading 0 native plugins for Editor in 0.00 ms.
Unloading 30 Unused Serialized files (Serialized files now loaded: 0)
Unloading 30 unused Assets / (52.4 KB). Loaded Objects now: 3610.
Memory consumption went from 47.2 MB to 47.1 MB.
Total: 3.725600 ms (FindLiveObjects: 0.323400 ms CreateObjectMapping: 0.211600 ms MarkObjects: 3.112200 ms  DeleteObjects: 0.077500 ms)

AssetImportParameters requested are different than current active one (requested -> active):
  custom:video-decoder-ogg-theora: a1e56fd34408186e4bbccfd4996cb3dc -> 
  custom:container-muxer-webm: aa71ff27fc2769a1b78a27578f13a17b -> 
  custom:container-demuxer-webm: 4f35f7cbe854078d1ac9338744f61a02 -> 
  custom:video-encoder-webm-vp8: eb34c28f22e8b96e1ab97ce403110664 -> 
  custom:audio-encoder-webm-vorbis: bf7c407c2cedff20999df2af8eb42d56 -> 
  custom:framework-win-MediaFoundation: 216162199b28c13a410421893ffa2e32 -> 
  custom:container-demuxer-ogg: 62fdf1f143b41e24485cea50d1cbac27 -> 
  custom:video-decoder-webm-vp8: 9c59270c3fd7afecdb556c50c9e8de78 -> 
  custom:audio-decoder-ogg-vorbis: bf7c407c2cedff20999df2af8eb42d56 -> 
========================================================================
Received Prepare
Refreshing native plugins compatible for Editor in 4.00 ms, found 3 plugins.
Preloading 0 native plugins for Editor in 0.00 ms.
Unloading 30 Unused Serialized files (Serialized files now loaded: 0)
Unloading 30 unused Assets / (51.4 KB). Loaded Objects now: 3610.
Memory consumption went from 46.8 MB to 46.8 MB.
Total: 2.589800 ms (FindLiveObjects: 0.257300 ms CreateObjectMapping: 0.174800 ms MarkObjects: 2.113900 ms  DeleteObjects: 0.043300 ms)

AssetImportParameters requested are different than current active one (requested -> active):
  custom:video-decoder-ogg-theora: a1e56fd34408186e4bbccfd4996cb3dc -> 
  custom:container-muxer-webm: aa71ff27fc2769a1b78a27578f13a17b -> 
  custom:container-demuxer-webm: 4f35f7cbe854078d1ac9338744f61a02 -> 
  custom:video-encoder-webm-vp8: eb34c28f22e8b96e1ab97ce403110664 -> 
  custom:audio-encoder-webm-vorbis: bf7c407c2cedff20999df2af8eb42d56 -> 
  custom:framework-win-MediaFoundation: 216162199b28c13a410421893ffa2e32 -> 
  custom:container-demuxer-ogg: 62fdf1f143b41e24485cea50d1cbac27 -> 
  custom:video-decoder-webm-vp8: 9c59270c3fd7afecdb556c50c9e8de78 -> 
  custom:audio-decoder-ogg-vorbis: bf7c407c2cedff20999df2af8eb42d56 -> 
========================================================================
Received Prepare
Registering precompiled user dll's ...
Registered in 0.002357 seconds.
Begin MonoManager ReloadAssembly
Symbol file LoadedFromMemory doesn't match image D:\Unity\Count Master\Count_Masters_Oleh\Library\PackageCache\com.unity.visualscripting@1.8.0\Editor\VisualScripting.Core\Dependencies\YamlDotNet\Unity.VisualScripting.YamlDotNet.dll
Symbol file LoadedFromMemory doesn't match image D:\Unity\Count Master\Count_Masters_Oleh\Library\PackageCache\com.unity.visualscripting@1.8.0\Editor\VisualScripting.Core\Dependencies\DotNetZip\Unity.VisualScripting.IonicZip.dll
Native extension for WindowsStandalone target not found
Native extension for Android target not found
Refreshing native plugins compatible for Editor in 0.65 ms, found 3 plugins.
Preloading 0 native plugins for Editor in 0.00 ms.
Mono: successfully reloaded assembly
- Completed reload, in  0.850 seconds
Domain Reload Profiling:
	ReloadAssembly (851ms)
		BeginReloadAssembly (113ms)
			ExecutionOrderSort (0ms)
			DisableScriptedObjects (6ms)
			BackupInstance (0ms)
			ReleaseScriptingObjects (0ms)
			CreateAndSetChildDomain (35ms)
		EndReloadAssembly (652ms)
			LoadAssemblies (67ms)
			RebuildTransferFunctionScriptingTraits (0ms)
			SetupTypeCache (228ms)
			ReleaseScriptCaches (1ms)
			RebuildScriptCaches (37ms)
			SetupLoadedEditorAssemblies (261ms)
				LogAssemblyErrors (0ms)
				InitializePlatformSupportModulesInManaged (21ms)
				SetLoadedEditorAssemblies (0ms)
				RefreshPlugins (1ms)
				BeforeProcessingInitializeOnLoad (52ms)
				ProcessInitializeOnLoadAttributes (168ms)
				ProcessInitializeOnLoadMethodAttributes (17ms)
				AfterProcessingInitializeOnLoad (2ms)
				EditorAssembliesLoaded (0ms)
			ExecutionOrderSort2 (0ms)
			AwakeInstancesAfterBackupRestoration (5ms)
Platform modules already initialized, skipping
Refreshing native plugins compatible for Editor in 1.97 ms, found 3 plugins.
Preloading 0 native plugins for Editor in 0.00 ms.
Unloading 3156 Unused Serialized files (Serialized files now loaded: 0)
Unloading 30 unused Assets / (54.1 KB). Loaded Objects now: 3613.
Memory consumption went from 109.9 MB to 109.8 MB.
Total: 2.993700 ms (FindLiveObjects: 0.257200 ms CreateObjectMapping: 0.154900 ms MarkObjects: 2.479000 ms  DeleteObjects: 0.101900 ms)

AssetImportParameters requested are different than current active one (requested -> active):
  custom:video-decoder-ogg-theora: a1e56fd34408186e4bbccfd4996cb3dc -> 
  custom:container-muxer-webm: aa71ff27fc2769a1b78a27578f13a17b -> 
  custom:container-demuxer-webm: 4f35f7cbe854078d1ac9338744f61a02 -> 
  custom:video-encoder-webm-vp8: eb34c28f22e8b96e1ab97ce403110664 -> 
  custom:audio-encoder-webm-vorbis: bf7c407c2cedff20999df2af8eb42d56 -> 
  custom:framework-win-MediaFoundation: 216162199b28c13a410421893ffa2e32 -> 
  custom:container-demuxer-ogg: 62fdf1f143b41e24485cea50d1cbac27 -> 
  custom:video-decoder-webm-vp8: 9c59270c3fd7afecdb556c50c9e8de78 -> 
  custom:audio-decoder-ogg-vorbis: bf7c407c2cedff20999df2af8eb42d56 -> 
========================================================================
Received Import Request.
  Time since last request: 804729.040927 seconds.
  path: Packages/com.unity.collab-proxy/package.json
  artifactKey: Guid(743fda8c4b219c8429fb5a77ede1c879) Importer(815301076,1909f56bfc062723c751e8b465ee728b)
Start importing Packages/com.unity.collab-proxy/package.json using Guid(743fda8c4b219c8429fb5a77ede1c879) Importer(815301076,1909f56bfc062723c751e8b465ee728b)  -> (artifact id: 'b32c3f2ef48c36b35492078eece4905a') in 0.262008 seconds 
========================================================================
Received Import Request.
  Time since last request: 0.000019 seconds.
  path: Packages/com.unity.profiling.core/package.json
  artifactKey: Guid(2c9e05a58e554a940ae0417d8ce7384a) Importer(815301076,1909f56bfc062723c751e8b465ee728b)
Start importing Packages/com.unity.profiling.core/package.json using Guid(2c9e05a58e554a940ae0417d8ce7384a) Importer(815301076,1909f56bfc062723c751e8b465ee728b)  -> (artifact id: 'f89ef6311f3a9168e91428e3311054e0') in 0.021631 seconds 
========================================================================
Received Import Request.
  Time since last request: 1432.140982 seconds.
  path: Assets/Road_Stright.blend
  artifactKey: Guid(2fedf8d84500d3a4281d0b148a26603c) Importer(815301076,1909f56bfc062723c751e8b465ee728b)
Start importing Assets/Road_Stright.blend using Guid(2fedf8d84500d3a4281d0b148a26603c) Importer(815301076,1909f56bfc062723c751e8b465ee728b)  -> (artifact id: 'bad1d72a28c94fc439178aa6985bae62') in 0.010398 seconds 
========================================================================
Received Import Request.
  Time since last request: 122.820830 seconds.
  path: Assets/Black_Cirlce.mat
  artifactKey: Guid(b4e67dee60b0b304383721ed36f412d7) Importer(815301076,1909f56bfc062723c751e8b465ee728b)
Start importing Assets/Black_Cirlce.mat using Guid(b4e67dee60b0b304383721ed36f412d7) Importer(815301076,1909f56bfc062723c751e8b465ee728b)  -> (artifact id: 'a5e841a1728576aab253b6d7128eb600') in 0.087688 seconds 
========================================================================
Received Import Request.
  Time since last request: 0.000025 seconds.
  path: Assets/Hammer.mat
  artifactKey: Guid(521a2c152aa852e44815e19177d0a304) Importer(815301076,1909f56bfc062723c751e8b465ee728b)
Start importing Assets/Hammer.mat using Guid(521a2c152aa852e44815e19177d0a304) Importer(815301076,1909f56bfc062723c751e8b465ee728b)  -> (artifact id: '5464099163354e6481a65c6008872839') in 0.014440 seconds 
========================================================================
Received Import Request.
  Time since last request: 0.000038 seconds.
  path: Assets/Hammer_handle.mat
  artifactKey: Guid(15124c084126aec4d9be7f298b21e9ae) Importer(815301076,1909f56bfc062723c751e8b465ee728b)
Start importing Assets/Hammer_handle.mat using Guid(15124c084126aec4d9be7f298b21e9ae) Importer(815301076,1909f56bfc062723c751e8b465ee728b)  -> (artifact id: '709e7b49e96f2e6f5581707c1ffa59e3') in 0.011018 seconds 
========================================================================
Received Import Request.
  Time since last request: 0.000028 seconds.
  path: Assets/StickMan.mat
  artifactKey: Guid(e233ab17f9fb8854e9010c87f17dd9b2) Importer(815301076,1909f56bfc062723c751e8b465ee728b)
Start importing Assets/StickMan.mat using Guid(e233ab17f9fb8854e9010c87f17dd9b2) Importer(815301076,1909f56bfc062723c751e8b465ee728b)  -> (artifact id: '14ad413e795af39f455247f28ea7ce51') in 0.074734 seconds 
========================================================================
Received Import Request.
  Time since last request: 0.000054 seconds.
  path: Assets/StickMan_gray.mat
  artifactKey: Guid(18b2c2c4e9c8f7749b6270f51d5d0922) Importer(815301076,1909f56bfc062723c751e8b465ee728b)
Start importing Assets/StickMan_gray.mat using Guid(18b2c2c4e9c8f7749b6270f51d5d0922) Importer(815301076,1909f56bfc062723c751e8b465ee728b)  -> (artifact id: 'f2a4baa3bbea1786c7ae506200c20bda') in 0.009996 seconds 
========================================================================
Received Import Request.
  Time since last request: 0.000024 seconds.
  path: Assets/Particle.mat
  artifactKey: Guid(539b4e90b6f93c947be43cb6e30cbee4) Importer(815301076,1909f56bfc062723c751e8b465ee728b)
Start importing Assets/Particle.mat using Guid(539b4e90b6f93c947be43cb6e30cbee4) Importer(815301076,1909f56bfc062723c751e8b465ee728b)  -> (artifact id: '6e018ce2bd13987c9c04822ad47c8463') in 0.009127 seconds 
========================================================================
Received Import Request.
  Time since last request: 0.000029 seconds.
  path: Assets/Sky.mat
  artifactKey: Guid(fee90cde8ac5478478ea4aa733cd9588) Importer(815301076,1909f56bfc062723c751e8b465ee728b)
Start importing Assets/Sky.mat using Guid(fee90cde8ac5478478ea4aa733cd9588) Importer(815301076,1909f56bfc062723c751e8b465ee728b)  -> (artifact id: '7d6062f104a118281fef920159cca005') in 0.013314 seconds 
========================================================================
Received Import Request.
  Time since last request: 0.000028 seconds.
  path: Assets/Crown.mat
  artifactKey: Guid(1c44324ce5901f545aaa6c2d46d69f22) Importer(815301076,1909f56bfc062723c751e8b465ee728b)
Start importing Assets/Crown.mat using Guid(1c44324ce5901f545aaa6c2d46d69f22) Importer(815301076,1909f56bfc062723c751e8b465ee728b)  -> (artifact id: 'd4f486522738d57e127038a9cf790011') in 0.012018 seconds 
========================================================================
Received Import Request.
  Time since last request: 0.000015 seconds.
  path: Assets
  artifactKey: Guid(00000000000000001000000000000000) Importer(815301076,1909f56bfc062723c751e8b465ee728b)
Start importing Assets using Guid(00000000000000001000000000000000) Importer(815301076,1909f56bfc062723c751e8b465ee728b)  -> (artifact id: '79842766b460edbeab6a34051e857a80') in 0.006182 seconds 
========================================================================
Received Import Request.
  Time since last request: 0.000022 seconds.
  path: Assets/StickMan.physicMaterial
  artifactKey: Guid(b837892db4a162d4f855ec58d55e2b65) Importer(815301076,1909f56bfc062723c751e8b465ee728b)
Start importing Assets/StickMan.physicMaterial using Guid(b837892db4a162d4f855ec58d55e2b65) Importer(815301076,1909f56bfc062723c751e8b465ee728b)  -> (artifact id: '1ffaea80df3512e0747faeb74860ce8f') in 0.003212 seconds 
========================================================================
Received Import Request.
  Time since last request: 0.000021 seconds.
  path: Assets/Boss.mat
  artifactKey: Guid(3c49692ca3e830b4b8e0da2bf06e51de) Importer(815301076,1909f56bfc062723c751e8b465ee728b)
Start importing Assets/Boss.mat using Guid(3c49692ca3e830b4b8e0da2bf06e51de) Importer(815301076,1909f56bfc062723c751e8b465ee728b)  -> (artifact id: 'fbd4ed294a928ff92f7ddcd2030d358d') in 0.010779 seconds 
========================================================================
Received Import Request.
  Time since last request: 0.000051 seconds.
  path: Assets/walls.mat
  artifactKey: Guid(461b962a884668847bcc4b2bce7fadc2) Importer(815301076,1909f56bfc062723c751e8b465ee728b)
Start importing Assets/walls.mat using Guid(461b962a884668847bcc4b2bce7fadc2) Importer(815301076,1909f56bfc062723c751e8b465ee728b)  -> (artifact id: 'bd0259bdf3741636d695ce7a68bb410c') in 0.011313 seconds 
========================================================================
Received Import Request.
  Time since last request: 0.000022 seconds.
  path: Assets/Surface_2.mat
  artifactKey: Guid(cdc19d5b9fe8f1242bf3ea3ee72c5ac8) Importer(815301076,1909f56bfc062723c751e8b465ee728b)
Start importing Assets/Surface_2.mat using Guid(cdc19d5b9fe8f1242bf3ea3ee72c5ac8) Importer(815301076,1909f56bfc062723c751e8b465ee728b)  -> (artifact id: '864624d61189b49553164df70ce190f4') in 0.011192 seconds 
========================================================================
Received Import Request.
  Time since last request: 0.000026 seconds.
  path: Assets/White_handle.mat
  artifactKey: Guid(9b902df20040625408294375d027a32a) Importer(815301076,1909f56bfc062723c751e8b465ee728b)
Start importing Assets/White_handle.mat using Guid(9b902df20040625408294375d027a32a) Importer(815301076,1909f56bfc062723c751e8b465ee728b)  -> (artifact id: 'f4ec77322f49e62a1be09a00fd2326b5') in 0.010866 seconds 
========================================================================
Received Import Request.
  Time since last request: 0.000022 seconds.
  path: Assets/blood_effect_Boss.mat
  artifactKey: Guid(abc6be8fa472e39409e4f93785c5648a) Importer(815301076,1909f56bfc062723c751e8b465ee728b)
Start importing Assets/blood_effect_Boss.mat using Guid(abc6be8fa472e39409e4f93785c5648a) Importer(815301076,1909f56bfc062723c751e8b465ee728b)  -> (artifact id: '70c5c136e6ddc15ee8a68724a0f48a29') in 0.031591 seconds 
========================================================================
Received Import Request.
  Time since last request: 0.000025 seconds.
  path: Assets/Surface_1.mat
  artifactKey: Guid(e5dfeea8023d26b4e81412c6b14eabbf) Importer(815301076,1909f56bfc062723c751e8b465ee728b)
Start importing Assets/Surface_1.mat using Guid(e5dfeea8023d26b4e81412c6b14eabbf) Importer(815301076,1909f56bfc062723c751e8b465ee728b)  -> (artifact id: '29a9c3257534ec761c8120518d543f78') in 0.010835 seconds 
========================================================================
Received Import Request.
  Time since last request: 0.000030 seconds.
  path: Assets/Skybox_Mat.mat
  artifactKey: Guid(7b97cdd227a3b2c4aa74cffe90693c7d) Importer(815301076,1909f56bfc062723c751e8b465ee728b)
Start importing Assets/Skybox_Mat.mat using Guid(7b97cdd227a3b2c4aa74cffe90693c7d) Importer(815301076,1909f56bfc062723c751e8b465ee728b)  -> (artifact id: '899a52cae877dbe76d657be12640b84c') in 0.101794 seconds 
========================================================================
Received Import Request.
  Time since last request: 10.700012 seconds.
  path: Assets/Materials
  artifactKey: Guid(018363a1ff872614d939d1b1e073ab2c) Importer(815301076,1909f56bfc062723c751e8b465ee728b)
Start importing Assets/Materials using Guid(018363a1ff872614d939d1b1e073ab2c) Importer(815301076,1909f56bfc062723c751e8b465ee728b)  -> (artifact id: '40140f53eb945a82828aaa423520ac37') in 0.006532 seconds 
========================================================================
Received Prepare
Registering precompiled user dll's ...
Registered in 0.002462 seconds.
Begin MonoManager ReloadAssembly
Symbol file LoadedFromMemory doesn't match image D:\Unity\Count Master\Count_Masters_Oleh\Library\PackageCache\com.unity.visualscripting@1.8.0\Editor\VisualScripting.Core\Dependencies\YamlDotNet\Unity.VisualScripting.YamlDotNet.dll
Symbol file LoadedFromMemory doesn't match image D:\Unity\Count Master\Count_Masters_Oleh\Library\PackageCache\com.unity.visualscripting@1.8.0\Editor\VisualScripting.Core\Dependencies\DotNetZip\Unity.VisualScripting.IonicZip.dll
Native extension for WindowsStandalone target not found
Native extension for Android target not found
Refreshing native plugins compatible for Editor in 0.87 ms, found 3 plugins.
Preloading 0 native plugins for Editor in 0.00 ms.
Mono: successfully reloaded assembly
- Completed reload, in  0.958 seconds
Domain Reload Profiling:
	ReloadAssembly (959ms)
		BeginReloadAssembly (122ms)
			ExecutionOrderSort (0ms)
			DisableScriptedObjects (4ms)
			BackupInstance (0ms)
			ReleaseScriptingObjects (0ms)
			CreateAndSetChildDomain (39ms)
		EndReloadAssembly (752ms)
			LoadAssemblies (75ms)
			RebuildTransferFunctionScriptingTraits (0ms)
			SetupTypeCache (227ms)
			ReleaseScriptCaches (1ms)
			RebuildScriptCaches (48ms)
			SetupLoadedEditorAssemblies (319ms)
				LogAssemblyErrors (0ms)
				InitializePlatformSupportModulesInManaged (25ms)
				SetLoadedEditorAssemblies (0ms)
				RefreshPlugins (1ms)
				BeforeProcessingInitializeOnLoad (59ms)
				ProcessInitializeOnLoadAttributes (206ms)
				ProcessInitializeOnLoadMethodAttributes (24ms)
				AfterProcessingInitializeOnLoad (3ms)
				EditorAssembliesLoaded (0ms)
			ExecutionOrderSort2 (0ms)
			AwakeInstancesAfterBackupRestoration (6ms)
Platform modules already initialized, skipping
Refreshing native plugins compatible for Editor in 2.13 ms, found 3 plugins.
Preloading 0 native plugins for Editor in 0.00 ms.
Unloading 3156 Unused Serialized files (Serialized files now loaded: 0)
Unloading 30 unused Assets / (55.2 KB). Loaded Objects now: 3658.
Memory consumption went from 114.6 MB to 114.5 MB.
Total: 2.809200 ms (FindLiveObjects: 0.262900 ms CreateObjectMapping: 0.164000 ms MarkObjects: 2.320600 ms  DeleteObjects: 0.060900 ms)

AssetImportParameters requested are different than current active one (requested -> active):
  custom:video-decoder-ogg-theora: a1e56fd34408186e4bbccfd4996cb3dc -> 
  custom:container-muxer-webm: aa71ff27fc2769a1b78a27578f13a17b -> 
  custom:container-demuxer-webm: 4f35f7cbe854078d1ac9338744f61a02 -> 
  custom:video-encoder-webm-vp8: eb34c28f22e8b96e1ab97ce403110664 -> 
  custom:audio-encoder-webm-vorbis: bf7c407c2cedff20999df2af8eb42d56 -> 
  custom:framework-win-MediaFoundation: 216162199b28c13a410421893ffa2e32 -> 
  custom:container-demuxer-ogg: 62fdf1f143b41e24485cea50d1cbac27 -> 
  custom:video-decoder-webm-vp8: 9c59270c3fd7afecdb556c50c9e8de78 -> 
  custom:audio-decoder-ogg-vorbis: bf7c407c2cedff20999df2af8eb42d56 -> 
========================================================================
Received Import Request.
  Time since last request: 118.188551 seconds.
  path: Assets/Materials/Black_Cirlce.mat
  artifactKey: Guid(7cf82ff596c431944a576890217e7dbe) Importer(815301076,1909f56bfc062723c751e8b465ee728b)
Start importing Assets/Materials/Black_Cirlce.mat using Guid(7cf82ff596c431944a576890217e7dbe) Importer(815301076,1909f56bfc062723c751e8b465ee728b)  -> (artifact id: '16d3d5fcb50fd58af4bf38036c5403e4') in 0.070841 seconds 
========================================================================
Received Import Request.
  Time since last request: 0.000037 seconds.
  path: Assets/Materials/Surface_1.mat
  artifactKey: Guid(e7383ba2e3dd6b54c8959e7e40f41d56) Importer(815301076,1909f56bfc062723c751e8b465ee728b)
Start importing Assets/Materials/Surface_1.mat using Guid(e7383ba2e3dd6b54c8959e7e40f41d56) Importer(815301076,1909f56bfc062723c751e8b465ee728b)  -> (artifact id: '952020f92a2736afbc4830540e626e43') in 0.020281 seconds 
========================================================================
Received Import Request.
  Time since last request: 0.000044 seconds.
  path: Assets/Materials/Boss.mat
  artifactKey: Guid(bd4806a7bb0359b46b43c155f40864c8) Importer(815301076,1909f56bfc062723c751e8b465ee728b)
Start importing Assets/Materials/Boss.mat using Guid(bd4806a7bb0359b46b43c155f40864c8) Importer(815301076,1909f56bfc062723c751e8b465ee728b)  -> (artifact id: 'd846ca982937795b7e4f01c7e6f66d67') in 0.006466 seconds 
========================================================================
Received Import Request.
  Time since last request: 0.000025 seconds.
  path: Assets/Materials/StickMan.mat
  artifactKey: Guid(fbe9cc4d65e4c954e93210c26da37a90) Importer(815301076,1909f56bfc062723c751e8b465ee728b)
Start importing Assets/Materials/StickMan.mat using Guid(fbe9cc4d65e4c954e93210c26da37a90) Importer(815301076,1909f56bfc062723c751e8b465ee728b)  -> (artifact id: '883121bceaa6781861bfbd271e5a2f46') in 0.005915 seconds 
========================================================================
Received Import Request.
  Time since last request: 0.000015 seconds.
  path: Assets/Materials/blood_effect_Boss.mat
  artifactKey: Guid(7c1bcc322f7a5a9419139496ab5cd160) Importer(815301076,1909f56bfc062723c751e8b465ee728b)
Start importing Assets/Materials/blood_effect_Boss.mat using Guid(7c1bcc322f7a5a9419139496ab5cd160) Importer(815301076,1909f56bfc062723c751e8b465ee728b)  -> (artifact id: '8389f8c9b1841e8c5eaac171da9afcec') in 0.009906 seconds 
========================================================================
Received Import Request.
  Time since last request: 0.000032 seconds.
  path: Assets/Materials/walls.mat
  artifactKey: Guid(59519d16a1f958a4bbaa4471327b1df1) Importer(815301076,1909f56bfc062723c751e8b465ee728b)
Start importing Assets/Materials/walls.mat using Guid(59519d16a1f958a4bbaa4471327b1df1) Importer(815301076,1909f56bfc062723c751e8b465ee728b)  -> (artifact id: '8c4932592df359eadfb8e8a1dfd24116') in 0.006168 seconds 
========================================================================
Received Import Request.
  Time since last request: 0.000018 seconds.
  path: Assets/Materials/StickMan_gray.mat
  artifactKey: Guid(3299168c9a433fb40845d9d8181a02ed) Importer(815301076,1909f56bfc062723c751e8b465ee728b)
Start importing Assets/Materials/StickMan_gray.mat using Guid(3299168c9a433fb40845d9d8181a02ed) Importer(815301076,1909f56bfc062723c751e8b465ee728b)  -> (artifact id: 'dece35cf0c2c5b730c5c6ad60e344389') in 0.006720 seconds 
========================================================================
Received Import Request.
  Time since last request: 0.000021 seconds.
  path: Assets/Materials/Skybox_Mat.mat
  artifactKey: Guid(0ffaa0b7117ba8c47a9d05ae701d4b4d) Importer(815301076,1909f56bfc062723c751e8b465ee728b)
Start importing Assets/Materials/Skybox_Mat.mat using Guid(0ffaa0b7117ba8c47a9d05ae701d4b4d) Importer(815301076,1909f56bfc062723c751e8b465ee728b)  -> (artifact id: 'f80b45cbc27f4f834f7e86e14ccbf242') in 0.024122 seconds 
========================================================================
Received Import Request.
  Time since last request: 0.000018 seconds.
  path: Assets/Materials/Hammer_handle.mat
  artifactKey: Guid(f53a382749ee86b4e9453a01573a4bae) Importer(815301076,1909f56bfc062723c751e8b465ee728b)
Start importing Assets/Materials/Hammer_handle.mat using Guid(f53a382749ee86b4e9453a01573a4bae) Importer(815301076,1909f56bfc062723c751e8b465ee728b)  -> (artifact id: '88e86a1cd08f4324df8e81c01ab8e731') in 0.006436 seconds 
========================================================================
Received Import Request.
  Time since last request: 0.000025 seconds.
  path: Assets/Materials/Red_Handle.mat
  artifactKey: Guid(1d8881de242068f40900ffef1f196378) Importer(815301076,1909f56bfc062723c751e8b465ee728b)
Start importing Assets/Materials/Red_Handle.mat using Guid(1d8881de242068f40900ffef1f196378) Importer(815301076,1909f56bfc062723c751e8b465ee728b)  -> (artifact id: '277711b85858e2001d0b9a85c732c0e4') in 0.006334 seconds 
========================================================================
Received Import Request.
  Time since last request: 0.000022 seconds.
  path: Assets/Materials/Hammer.mat
  artifactKey: Guid(5725c2072e603b148942fd25fb60d45a) Importer(815301076,1909f56bfc062723c751e8b465ee728b)
Start importing Assets/Materials/Hammer.mat using Guid(5725c2072e603b148942fd25fb60d45a) Importer(815301076,1909f56bfc062723c751e8b465ee728b)  -> (artifact id: 'def8cc8ae995b484467208a06658b24c') in 0.006206 seconds 
========================================================================
Received Import Request.
  Time since last request: 0.000021 seconds.
  path: Assets/Materials/Sky.mat
  artifactKey: Guid(ef463d005be5e294fb332d264cedfd8b) Importer(815301076,1909f56bfc062723c751e8b465ee728b)
Start importing Assets/Materials/Sky.mat using Guid(ef463d005be5e294fb332d264cedfd8b) Importer(815301076,1909f56bfc062723c751e8b465ee728b)  -> (artifact id: '240f480ce5b5c2d1d93e36b075665c9b') in 0.006084 seconds 
========================================================================
Received Import Request.
  Time since last request: 0.000020 seconds.
  path: Assets/Materials/Weapon.mat
  artifactKey: Guid(e7e4cd736c7a2b44193a37010523abde) Importer(815301076,1909f56bfc062723c751e8b465ee728b)
Start importing Assets/Materials/Weapon.mat using Guid(e7e4cd736c7a2b44193a37010523abde) Importer(815301076,1909f56bfc062723c751e8b465ee728b)  -> (artifact id: '7efcce3e51e79c282c06ee21971157c4') in 0.007581 seconds 
========================================================================
Received Import Request.
  Time since last request: 0.000024 seconds.
  path: Assets/Materials/blood_effect_SM.mat
  artifactKey: Guid(868fdfce74f7f4e41813b88a0270c956) Importer(815301076,1909f56bfc062723c751e8b465ee728b)
Start importing Assets/Materials/blood_effect_SM.mat using Guid(868fdfce74f7f4e41813b88a0270c956) Importer(815301076,1909f56bfc062723c751e8b465ee728b)  -> (artifact id: '2656688a0395585f97f4ee8d1cbbf79d') in 0.006727 seconds 
========================================================================
Received Import Request.
  Time since last request: 0.000031 seconds.
  path: Assets/Materials/Crown.mat
  artifactKey: Guid(a226842523661714f9f9138f30bac9ac) Importer(815301076,1909f56bfc062723c751e8b465ee728b)
Start importing Assets/Materials/Crown.mat using Guid(a226842523661714f9f9138f30bac9ac) Importer(815301076,1909f56bfc062723c751e8b465ee728b)  -> (artifact id: '4b4a301a6e527732756f5b9dcfcce7a4') in 0.007283 seconds 
========================================================================
Received Import Request.
  Time since last request: 0.000040 seconds.
  path: Assets/Materials/StickMan.physicMaterial
  artifactKey: Guid(1fdde7d62b2a80f418b801458e874396) Importer(815301076,1909f56bfc062723c751e8b465ee728b)
Start importing Assets/Materials/StickMan.physicMaterial using Guid(1fdde7d62b2a80f418b801458e874396) Importer(815301076,1909f56bfc062723c751e8b465ee728b)  -> (artifact id: 'd3309b6aac38402d3eddc50dfdaf215c') in 0.002235 seconds 
Editor requested this worker to shutdown with reason: Scaling down because of idle timeout
AssetImportWorker is now disconnected from the server
Process exiting
Exiting without the bug reporter. Application will terminate with return code 0